<?xml version="1.0" encoding="UTF-8"?>
<testsuite name="TestCasesKtTest" tests="1" skipped="0" failures="0" errors="0" timestamp="2022-04-21T14:18:45" hostname="akashpandya" time="0.117">
  <properties/>
  <testcase name="generateScreenNamesExactMatch" classname="TestCasesKtTest" time="0.117"/>
  <system-out><![CDATA[]]></system-out>
  <system-err><![CDATA[]]></system-err>
</testsuite>
